main.obj : error LNK2019: 无法解析的外部符号 glewInit，该符号在函数 "void __cdecl Init(void)" (?Init@@YAXXZ) 中被引用
main.obj : error LNK2019: 无法解析的外部符号 glutInitWindowPosition，该符号在函数 main 中被引用
main.obj : error LNK2019: 无法解析的外部符号 glutInitWindowSize，该符号在函数 main 中被引用
main.obj : error LNK2019: 无法解析的外部符号 glutInitDisplayMode，该符号在函数 main 中被引用
main.obj : error LNK2019: 无法解析的外部符号 glutMainLoop，该符号在函数 main 中被引用
main.obj : error LNK2019: 无法解析的外部符号 glutPostRedisplay，该符号在函数 "void __cdecl myKeyboard(unsigned char,int,int)" (?myKeyboard@@YAXEHH@Z) 中被引用
main.obj : error LNK2019: 无法解析的外部符号 glutSwapBuffers，该符号在函数 "void __cdecl myDisplay(void)" (?myDisplay@@YAXXZ) 中被引用
main.obj : error LNK2019: 无法解析的外部符号 glutTimerFunc，该符号在函数 "void __cdecl myTime(int)" (?myTime@@YAXH@Z) 中被引用
main.obj : error LNK2019: 无法解析的外部符号 glutKeyboardFunc，该符号在函数 main 中被引用
main.obj : error LNK2019: 无法解析的外部符号 glutReshapeFunc，该符号在函数 main 中被引用
main.obj : error LNK2019: 无法解析的外部符号 glutDisplayFunc，该符号在函数 main 中被引用
main.obj : error LNK2019: 无法解析的外部符号 glutMouseFunc，该符号在函数 main 中被引用
main.obj : error LNK2019: 无法解析的外部符号 glutMotionFunc，该符号在函数 main 中被引用
main.obj : error LNK2019: 无法解析的外部符号 __glutInitWithExit，该符号在函数 glutInit_ATEXIT_HACK 中被引用
main.obj : error LNK2019: 无法解析的外部符号 __glutCreateWindowWithExit，该符号在函数 glutCreateWindow_ATEXIT_HACK 中被引用
main.obj : error LNK2019: 无法解析的外部符号 glutMouseWheelFunc，该符号在函数 main 中被引用
shader.obj : error LNK2001: 无法解析的外部符号 __glewAttachShader
shader.obj : error LNK2001: 无法解析的外部符号 __glewCompileShader
shader.obj : error LNK2001: 无法解析的外部符号 __glewCreateProgram
shader.obj : error LNK2001: 无法解析的外部符号 __glewCreateShader
shader.obj : error LNK2001: 无法解析的外部符号 __glewGetUniformLocation
shader.obj : error LNK2001: 无法解析的外部符号 __glewLinkProgram
shader.obj : error LNK2001: 无法解析的外部符号 __glewShaderSource
shader.obj : error LNK2001: 无法解析的外部符号 __glewUseProgram
E:\ComputerGraphics\lib\glew32s.lib : warning LNK4272: 库计算机类型“x86”与目标计算机类型“x64”冲突
E:\ComputerGraphics\lib\glew32.lib : warning LNK4272: 库计算机类型“x86”与目标计算机类型“x64”冲突
E:\ComputerGraphics\lib\freeglut_staticd.lib : warning LNK4272: 库计算机类型“x86”与目标计算机类型“x64”冲突
E:\ComputerGraphics\finalproject\x64\Debug\finalproject.exe : fatal error LNK1120: 24 个无法解析的外部命令
