  main.cpp
e:\computergraphics\finalproject\finalproject\backtexture.h(21): warning C4305: “初始化”: 从“double”到“GLfloat”截断
e:\computergraphics\finalproject\finalproject\main.cpp(64): warning C4305: “初始化”: 从“double”到“GLfloat”截断
e:\computergraphics\finalproject\finalproject\main.cpp(66): warning C4305: “初始化”: 从“double”到“GLfloat”截断
e:\computergraphics\finalproject\finalproject\main.cpp(75): warning C4305: “初始化”: 从“double”到“float”截断
e:\computergraphics\finalproject\finalproject\main.cpp(109): warning C4244: “=”: 从“double”转换到“float”，可能丢失数据
e:\computergraphics\finalproject\finalproject\main.cpp(113): warning C4244: “=”: 从“double”转换到“float”，可能丢失数据
e:\computergraphics\finalproject\finalproject\main.cpp(118): warning C4244: “=”: 从“double”转换到“float”，可能丢失数据
e:\computergraphics\finalproject\finalproject\main.cpp(122): warning C4244: “=”: 从“double”转换到“float”，可能丢失数据
e:\computergraphics\finalproject\finalproject\main.cpp(127): warning C4244: “=”: 从“double”转换到“float”，可能丢失数据
e:\computergraphics\finalproject\finalproject\main.cpp(131): warning C4244: “=”: 从“double”转换到“float”，可能丢失数据
e:\computergraphics\finalproject\finalproject\main.cpp(140): warning C4244: “=”: 从“double”转换到“float”，可能丢失数据
e:\computergraphics\finalproject\finalproject\main.cpp(180): warning C4244: “=”: 从“double”转换到“float”，可能丢失数据
e:\computergraphics\finalproject\finalproject\main.cpp(184): warning C4244: “=”: 从“double”转换到“float”，可能丢失数据
e:\computergraphics\finalproject\finalproject\main.cpp(189): warning C4244: “=”: 从“double”转换到“float”，可能丢失数据
e:\computergraphics\finalproject\finalproject\main.cpp(193): warning C4244: “=”: 从“double”转换到“float”，可能丢失数据
e:\computergraphics\finalproject\finalproject\main.cpp(198): warning C4244: “=”: 从“double”转换到“float”，可能丢失数据
e:\computergraphics\finalproject\finalproject\main.cpp(202): warning C4244: “=”: 从“double”转换到“float”，可能丢失数据
e:\computergraphics\finalproject\finalproject\main.cpp(206): warning C4244: “=”: 从“double”转换到“float”，可能丢失数据
e:\computergraphics\finalproject\finalproject\main.cpp(279): warning C4244: “=”: 从“double”转换到“float”，可能丢失数据
e:\computergraphics\finalproject\finalproject\main.cpp(280): warning C4244: “=”: 从“double”转换到“float”，可能丢失数据
e:\computergraphics\finalproject\finalproject\main.cpp(292): warning C4305: “=”: 从“double”到“float”截断
e:\computergraphics\finalproject\finalproject\main.cpp(301): warning C4244: “=”: 从“double”转换到“float”，可能丢失数据
e:\computergraphics\finalproject\finalproject\main.cpp(328): warning C4244: “=”: 从“double”转换到“float”，可能丢失数据
e:\computergraphics\finalproject\finalproject\main.cpp(329): warning C4244: “=”: 从“double”转换到“float”，可能丢失数据
e:\computergraphics\finalproject\finalproject\main.cpp(337): warning C4244: “=”: 从“double”转换到“float”，可能丢失数据
e:\computergraphics\finalproject\finalproject\main.cpp(397): warning C4305: “参数”: 从“double”到“GLclampf”截断
e:\computergraphics\finalproject\finalproject\main.cpp(460): warning C4244: “参数”: 从“double”转换到“GLfloat”，可能丢失数据
e:\computergraphics\finalproject\finalproject\main.cpp(464): warning C4244: “参数”: 从“double”转换到“GLfloat”，可能丢失数据
e:\computergraphics\finalproject\finalproject\main.cpp(468): warning C4244: “参数”: 从“double”转换到“GLfloat”，可能丢失数据
e:\computergraphics\finalproject\finalproject\main.cpp(525): warning C4244: “=”: 从“double”转换到“GLfloat”，可能丢失数据
e:\computergraphics\finalproject\finalproject\main.cpp(526): warning C4244: “=”: 从“double”转换到“GLfloat”，可能丢失数据
e:\computergraphics\finalproject\finalproject\main.cpp(527): warning C4305: “+=”: 从“double”到“GLfloat”截断
e:\computergraphics\finalproject\finalproject\main.cpp(575): warning C4305: “+=”: 从“double”到“GLfloat”截断
e:\computergraphics\finalproject\finalproject\main.cpp(581): warning C4305: “-=”: 从“double”到“GLfloat”截断
e:\computergraphics\finalproject\finalproject\main.cpp(611): warning C4244: “=”: 从“int”转换到“GLfloat”，可能丢失数据
e:\computergraphics\finalproject\finalproject\main.cpp(612): warning C4244: “=”: 从“int”转换到“GLfloat”，可能丢失数据
e:\computergraphics\finalproject\finalproject\main.cpp(643): warning C4244: “+=”: 从“double”转换到“GLfloat”，可能丢失数据
e:\computergraphics\finalproject\finalproject\main.cpp(644): warning C4244: “+=”: 从“double”转换到“GLfloat”，可能丢失数据
e:\computergraphics\finalproject\finalproject\main.cpp(649): warning C4244: “+=”: 从“double”转换到“GLfloat”，可能丢失数据
e:\computergraphics\finalproject\finalproject\main.cpp(652): warning C4244: “=”: 从“int”转换到“GLfloat”，可能丢失数据
e:\computergraphics\finalproject\finalproject\main.cpp(653): warning C4244: “=”: 从“int”转换到“GLfloat”，可能丢失数据
e:\computergraphics\finalproject\finalproject\tgaloader.h(74): warning C4715: “loadTGA”: 不是所有的控件路径都返回值
  finalproject.vcxproj -> E:\ComputerGraphics\finalproject\Debug\finalproject.exe
